{
  "0 debug pnpm:scope": {
    "selected": 1
  },
  "1 error pnpm": {
    "code": "ELIFECYCLE",
    "errno": "ENOENT",
    "syscall": "spawn",
    "file": "sh",
    "pkgid": "docs@0.0.0",
    "stage": "start",
    "script": "docusaurus start",
    "pkgname": "docs",
    "err": {
      "name": "pnpm",
      "message": "docs@0.0.0 start: `docusaurus start`\nspawn ENOENT",
      "code": "ELIFECYCLE",
      "stack": "pnpm: docs@0.0.0 start: `docusaurus start`\nspawn ENOENT\n    at ChildProcess.<anonymous> (/Users/oscar/.volta/tools/image/packages/pnpm/lib/node_modules/pnpm/dist/pnpm.cjs:93917:22)\n    at ChildProcess.emit (node:events:527:28)\n    at maybeClose (node:internal/child_process:1092:16)\n    at Process.ChildProcess._handle.onexit (node:internal/child_process:302:5)"
    }
  }
}